<?xml version="1.0" encoding="UTF-8"?>
<testsuite xmlns:xsi="http://www.w3.org/2001/XMLSchema-instance" xsi:noNamespaceSchemaLocation="https://maven.apache.org/surefire/maven-surefire-plugin/xsd/surefire-test-report-3.0.xsd" version="3.0" name="com.yty.godbatis.test.GodBatisTest" time="0.274" tests="3" errors="0" skipped="0" failures="0">
  <properties>
    <property name="java.specification.version" value="17"/>
    <property name="sun.jnu.encoding" value="UTF-8"/>
    <property name="java.class.path" value="/Users/yuantengyan/IdeaProjects/mybatis/godbatis/target/test-classes:/Users/yuantengyan/IdeaProjects/mybatis/godbatis/target/classes:/Users/yuantengyan/.m2/repository/org/dom4j/dom4j/2.1.3/dom4j-2.1.3.jar:/Users/yuantengyan/.m2/repository/junit/junit/4.13.2/junit-4.13.2.jar:/Users/yuantengyan/.m2/repository/org/hamcrest/hamcrest-core/1.3/hamcrest-core-1.3.jar:/Users/yuantengyan/.m2/repository/jaxen/jaxen/1.2.0/jaxen-1.2.0.jar:/Users/yuantengyan/.m2/repository/com/mysql/mysql-connector-j/8.0.32/mysql-connector-j-8.0.32.jar:/Users/yuantengyan/.m2/repository/com/google/protobuf/protobuf-java/3.21.9/protobuf-java-3.21.9.jar:"/>
    <property name="java.vm.vendor" value="Oracle Corporation"/>
    <property name="sun.arch.data.model" value="64"/>
    <property name="java.vendor.url" value="https://java.oracle.com/"/>
    <property name="os.name" value="Mac OS X"/>
    <property name="java.vm.specification.version" value="17"/>
    <property name="sun.java.launcher" value="SUN_STANDARD"/>
    <property name="user.country" value="US"/>
    <property name="sun.boot.library.path" value="/Library/Java/JavaVirtualMachines/jdk-17.jdk/Contents/Home/lib"/>
    <property name="sun.java.command" value="/Users/yuantengyan/IdeaProjects/mybatis/godbatis/target/surefire/surefirebooter-20230302165927152_3.jar /Users/yuantengyan/IdeaProjects/mybatis/godbatis/target/surefire 2023-03-02T16-59-24_502-jvmRun1 surefire-20230302165927152_1tmp surefire_0-20230302165927152_2tmp"/>
    <property name="http.nonProxyHosts" value="local|*.local|169.254/16|*.169.254/16"/>
    <property name="jdk.debug" value="release"/>
    <property name="surefire.test.class.path" value="/Users/yuantengyan/IdeaProjects/mybatis/godbatis/target/test-classes:/Users/yuantengyan/IdeaProjects/mybatis/godbatis/target/classes:/Users/yuantengyan/.m2/repository/org/dom4j/dom4j/2.1.3/dom4j-2.1.3.jar:/Users/yuantengyan/.m2/repository/junit/junit/4.13.2/junit-4.13.2.jar:/Users/yuantengyan/.m2/repository/org/hamcrest/hamcrest-core/1.3/hamcrest-core-1.3.jar:/Users/yuantengyan/.m2/repository/jaxen/jaxen/1.2.0/jaxen-1.2.0.jar:/Users/yuantengyan/.m2/repository/com/mysql/mysql-connector-j/8.0.32/mysql-connector-j-8.0.32.jar:/Users/yuantengyan/.m2/repository/com/google/protobuf/protobuf-java/3.21.9/protobuf-java-3.21.9.jar:"/>
    <property name="sun.cpu.endian" value="little"/>
    <property name="user.home" value="/Users/yuantengyan"/>
    <property name="user.language" value="zh"/>
    <property name="java.specification.vendor" value="Oracle Corporation"/>
    <property name="java.version.date" value="2023-01-17"/>
    <property name="java.home" value="/Library/Java/JavaVirtualMachines/jdk-17.jdk/Contents/Home"/>
    <property name="file.separator" value="/"/>
    <property name="basedir" value="/Users/yuantengyan/IdeaProjects/mybatis/godbatis"/>
    <property name="java.vm.compressedOopsMode" value="Zero based"/>
    <property name="line.separator" value="&#10;"/>
    <property name="java.vm.specification.vendor" value="Oracle Corporation"/>
    <property name="java.specification.name" value="Java Platform API Specification"/>
    <property name="surefire.real.class.path" value="/Users/yuantengyan/IdeaProjects/mybatis/godbatis/target/surefire/surefirebooter-20230302165927152_3.jar"/>
    <property name="user.script" value="Hans"/>
    <property name="sun.management.compiler" value="HotSpot 64-Bit Tiered Compilers"/>
    <property name="ftp.nonProxyHosts" value="local|*.local|169.254/16|*.169.254/16"/>
    <property name="java.runtime.version" value="17.0.6+9-LTS-190"/>
    <property name="user.name" value="yuantengyan"/>
    <property name="path.separator" value=":"/>
    <property name="os.version" value="13.2.1"/>
    <property name="java.runtime.name" value="Java(TM) SE Runtime Environment"/>
    <property name="file.encoding" value="UTF-8"/>
    <property name="java.vm.name" value="Java HotSpot(TM) 64-Bit Server VM"/>
    <property name="localRepository" value="/Users/yuantengyan/.m2/repository"/>
    <property name="java.vendor.url.bug" value="https://bugreport.java.com/bugreport/"/>
    <property name="java.io.tmpdir" value="/var/folders/x1/zwqvjs_n6496dykc024ymtyh0000gn/T/"/>
    <property name="idea.version" value="2022.3.2"/>
    <property name="java.version" value="17.0.6"/>
    <property name="user.dir" value="/Users/yuantengyan/IdeaProjects/mybatis/godbatis"/>
    <property name="os.arch" value="aarch64"/>
    <property name="java.vm.specification.name" value="Java Virtual Machine Specification"/>
    <property name="native.encoding" value="UTF-8"/>
    <property name="java.library.path" value="/Users/yuantengyan/Library/Java/Extensions:/Library/Java/Extensions:/Network/Library/Java/Extensions:/System/Library/Java/Extensions:/usr/lib/java:."/>
    <property name="java.vm.info" value="mixed mode, sharing"/>
    <property name="java.vendor" value="Oracle Corporation"/>
    <property name="java.vm.version" value="17.0.6+9-LTS-190"/>
    <property name="sun.io.unicode.encoding" value="UnicodeBig"/>
    <property name="socksNonProxyHosts" value="local|*.local|169.254/16|*.169.254/16"/>
    <property name="java.class.version" value="61.0"/>
  </properties>
  <testcase name="testSelectOne" classname="com.yty.godbatis.test.GodBatisTest" time="0.231">
    <system-out><![CDATA[CarMapper.xml
com.yty.godbatis.pojo.User
select id, name, age from batis where id=?;
User{id='2', name='syb', age='25'}
]]></system-out>
  </testcase>
  <testcase name="testSessionFactory" classname="com.yty.godbatis.test.GodBatisTest" time="0.002">
    <system-out><![CDATA[CarMapper.xml
com.yty.godbatis.core.SqlSessionFactory@5505ae1a
]]></system-out>
  </testcase>
  <testcase name="testInsert" classname="com.yty.godbatis.test.GodBatisTest" time="0.018">
    <system-out><![CDATA[CarMapper.xml
insert into batis(id, name, age) values (?, ?, ?);
]]></system-out>
  </testcase>
</testsuite>